Jun 4, 2014 2:23:34 PM org.openqa.grid.selenium.GridLauncher main
INFO: Launching a standalone server
Setting system property webdriver.chrome.driver to private/selenium/chromedriver
14:23:34.340 INFO - Java: Apple Inc. 20.65-b04-462
14:23:34.341 INFO - OS: Mac OS X 10.8.5 x86_64
14:23:34.352 INFO - v2.42.0, with Core v2.42.0. Built from revision 5e82430
14:23:34.415 INFO - Default driver org.openqa.selenium.ie.InternetExplorerDriver registration is skipped: registration capabilities Capabilities [{platform=WINDOWS, ensureCleanSession=true, browserName=internet explorer, version=}] does not match with current platform: MAC
14:23:34.460 INFO - RemoteWebDriver instances should connect to: http://127.0.0.1:4444/wd/hub
14:23:34.461 INFO - Version Jetty/5.1.x
14:23:34.462 INFO - Started HttpContext[/selenium-server/driver,/selenium-server/driver]
14:23:34.462 INFO - Started HttpContext[/selenium-server,/selenium-server]
14:23:34.463 INFO - Started HttpContext[/,/]
14:23:34.499 INFO - Started org.openqa.jetty.jetty.servlet.ServletHandler@1e79ed7f
14:23:34.499 INFO - Started HttpContext[/wd,/wd]
14:23:34.504 INFO - Started SocketListener on 0.0.0.0:4444
14:23:34.504 INFO - Started org.openqa.jetty.jetty.Server@4ca31e1b
14:23:34.719 INFO - Executing: [new session: Capabilities [{platform=ANY, javascriptEnabled=true, acceptSslCerts=true, browserName=firefox}]])
14:23:34.733 INFO - Creating a new session for Capabilities [{platform=ANY, javascriptEnabled=true, acceptSslCerts=true, browserName=firefox}]
14:23:38.281 INFO - Done: [new session: Capabilities [{platform=ANY, javascriptEnabled=true, acceptSslCerts=true, browserName=firefox}]]
14:23:38.290 INFO - Executing: [get: http://localhost:3000])
14:23:38.960 INFO - Done: [get: http://localhost:3000]
14:23:38.970 INFO - Executing: [find element: By.selector: body])
14:23:39.057 INFO - Done: [find element: By.selector: body]
14:23:39.060 INFO - Executing: [is displayed: 0 [[FirefoxDriver: firefox on MAC (0153fcee-9ddb-ca4c-953b-287c897eb1f2)] -> css selector: body]])
14:23:39.070 INFO - Done: [is displayed: 0 [[FirefoxDriver: firefox on MAC (0153fcee-9ddb-ca4c-953b-287c897eb1f2)] -> css selector: body]]
14:23:39.074 INFO - Executing: [find element: By.selector: div#outer])
14:23:39.082 INFO - Done: [find element: By.selector: div#outer]
14:23:39.084 INFO - Executing: [is displayed: 1 [[FirefoxDriver: firefox on MAC (0153fcee-9ddb-ca4c-953b-287c897eb1f2)] -> css selector: div#outer]])
14:23:39.092 INFO - Done: [is displayed: 1 [[FirefoxDriver: firefox on MAC (0153fcee-9ddb-ca4c-953b-287c897eb1f2)] -> css selector: div#outer]]
14:23:39.104 INFO - Executing: [find element: By.selector: div.leaderboard])
14:23:39.113 INFO - Done: [find element: By.selector: div.leaderboard]
14:23:39.117 INFO - Executing: [is displayed: 2 [[FirefoxDriver: firefox on MAC (0153fcee-9ddb-ca4c-953b-287c897eb1f2)] -> css selector: div.leaderboard]])
14:23:39.170 INFO - Done: [is displayed: 2 [[FirefoxDriver: firefox on MAC (0153fcee-9ddb-ca4c-953b-287c897eb1f2)] -> css selector: div.leaderboard]]
14:23:39.175 INFO - Executing: [find element: By.selector: .leaderboard .player])
14:23:39.185 INFO - Done: [find element: By.selector: .leaderboard .player]
14:23:39.189 INFO - Executing: [is displayed: 3 [[FirefoxDriver: firefox on MAC (0153fcee-9ddb-ca4c-953b-287c897eb1f2)] -> css selector: .leaderboard .player]])
14:23:39.197 INFO - Done: [is displayed: 3 [[FirefoxDriver: firefox on MAC (0153fcee-9ddb-ca4c-953b-287c897eb1f2)] -> css selector: .leaderboard .player]]
14:23:39.202 INFO - Executing: [find element: By.selector: div.leaderboard div:nth-child(1) .name])
14:23:39.221 INFO - Done: [find element: By.selector: div.leaderboard div:nth-child(1) .name]
14:23:39.225 INFO - Executing: [get text: 4 [[FirefoxDriver: firefox on MAC (0153fcee-9ddb-ca4c-953b-287c897eb1f2)] -> css selector: div.leaderboard div:nth-child(1) .name]])
14:23:39.234 INFO - Done: [get text: 4 [[FirefoxDriver: firefox on MAC (0153fcee-9ddb-ca4c-953b-287c897eb1f2)] -> css selector: div.leaderboard div:nth-child(1) .name]]
14:23:39.238 INFO - Executing: [find element: By.selector: div.leaderboard div:nth-child(1) .score])
14:23:39.245 INFO - Done: [find element: By.selector: div.leaderboard div:nth-child(1) .score]
14:23:39.247 INFO - Executing: [get text: 5 [[FirefoxDriver: firefox on MAC (0153fcee-9ddb-ca4c-953b-287c897eb1f2)] -> css selector: div.leaderboard div:nth-child(1) .score]])
14:23:39.256 INFO - Done: [get text: 5 [[FirefoxDriver: firefox on MAC (0153fcee-9ddb-ca4c-953b-287c897eb1f2)] -> css selector: div.leaderboard div:nth-child(1) .score]]
14:23:39.260 INFO - Executing: [find element: By.selector: div.leaderboard div:nth-child(2) .name])
14:23:39.271 INFO - Done: [find element: By.selector: div.leaderboard div:nth-child(2) .name]
14:23:39.274 INFO - Executing: [get text: 6 [[FirefoxDriver: firefox on MAC (0153fcee-9ddb-ca4c-953b-287c897eb1f2)] -> css selector: div.leaderboard div:nth-child(2) .name]])
14:23:39.286 INFO - Done: [get text: 6 [[FirefoxDriver: firefox on MAC (0153fcee-9ddb-ca4c-953b-287c897eb1f2)] -> css selector: div.leaderboard div:nth-child(2) .name]]
14:23:39.291 INFO - Executing: [find element: By.selector: div.leaderboard div:nth-child(2) .score])
14:23:39.316 INFO - Done: [find element: By.selector: div.leaderboard div:nth-child(2) .score]
14:23:39.319 INFO - Executing: [get text: 7 [[FirefoxDriver: firefox on MAC (0153fcee-9ddb-ca4c-953b-287c897eb1f2)] -> css selector: div.leaderboard div:nth-child(2) .score]])
14:23:39.328 INFO - Done: [get text: 7 [[FirefoxDriver: firefox on MAC (0153fcee-9ddb-ca4c-953b-287c897eb1f2)] -> css selector: div.leaderboard div:nth-child(2) .score]]
14:23:39.331 INFO - Executing: [find element: By.selector: div.leaderboard div:nth-child(3) .name])
14:23:39.339 INFO - Done: [find element: By.selector: div.leaderboard div:nth-child(3) .name]
14:23:39.341 INFO - Executing: [get text: 8 [[FirefoxDriver: firefox on MAC (0153fcee-9ddb-ca4c-953b-287c897eb1f2)] -> css selector: div.leaderboard div:nth-child(3) .name]])
14:23:39.350 INFO - Done: [get text: 8 [[FirefoxDriver: firefox on MAC (0153fcee-9ddb-ca4c-953b-287c897eb1f2)] -> css selector: div.leaderboard div:nth-child(3) .name]]
14:23:39.356 INFO - Executing: [find element: By.selector: div.leaderboard div:nth-child(3) .score])
14:23:39.363 INFO - Done: [find element: By.selector: div.leaderboard div:nth-child(3) .score]
14:23:39.366 INFO - Executing: [get text: 9 [[FirefoxDriver: firefox on MAC (0153fcee-9ddb-ca4c-953b-287c897eb1f2)] -> css selector: div.leaderboard div:nth-child(3) .score]])
14:23:39.374 INFO - Done: [get text: 9 [[FirefoxDriver: firefox on MAC (0153fcee-9ddb-ca4c-953b-287c897eb1f2)] -> css selector: div.leaderboard div:nth-child(3) .score]]
14:23:39.377 INFO - Executing: [find element: By.selector: div.leaderboard div:nth-child(4) .name])
14:23:39.384 INFO - Done: [find element: By.selector: div.leaderboard div:nth-child(4) .name]
14:23:39.388 INFO - Executing: [get text: 10 [[FirefoxDriver: firefox on MAC (0153fcee-9ddb-ca4c-953b-287c897eb1f2)] -> css selector: div.leaderboard div:nth-child(4) .name]])
14:23:39.396 INFO - Done: [get text: 10 [[FirefoxDriver: firefox on MAC (0153fcee-9ddb-ca4c-953b-287c897eb1f2)] -> css selector: div.leaderboard div:nth-child(4) .name]]
14:23:39.401 INFO - Executing: [find element: By.selector: div.leaderboard div:nth-child(4) .score])
14:23:39.409 INFO - Done: [find element: By.selector: div.leaderboard div:nth-child(4) .score]
14:23:39.412 INFO - Executing: [get text: 11 [[FirefoxDriver: firefox on MAC (0153fcee-9ddb-ca4c-953b-287c897eb1f2)] -> css selector: div.leaderboard div:nth-child(4) .score]])
14:23:39.420 INFO - Done: [get text: 11 [[FirefoxDriver: firefox on MAC (0153fcee-9ddb-ca4c-953b-287c897eb1f2)] -> css selector: div.leaderboard div:nth-child(4) .score]]
14:23:39.424 INFO - Executing: [find element: By.selector: div.leaderboard div:nth-child(5) .name])
14:23:39.431 INFO - Done: [find element: By.selector: div.leaderboard div:nth-child(5) .name]
14:23:39.434 INFO - Executing: [get text: 12 [[FirefoxDriver: firefox on MAC (0153fcee-9ddb-ca4c-953b-287c897eb1f2)] -> css selector: div.leaderboard div:nth-child(5) .name]])
14:23:39.442 INFO - Done: [get text: 12 [[FirefoxDriver: firefox on MAC (0153fcee-9ddb-ca4c-953b-287c897eb1f2)] -> css selector: div.leaderboard div:nth-child(5) .name]]
14:23:39.445 INFO - Executing: [find element: By.selector: div.leaderboard div:nth-child(5) .score])
14:23:39.477 INFO - Done: [find element: By.selector: div.leaderboard div:nth-child(5) .score]
14:23:39.480 INFO - Executing: [get text: 13 [[FirefoxDriver: firefox on MAC (0153fcee-9ddb-ca4c-953b-287c897eb1f2)] -> css selector: div.leaderboard div:nth-child(5) .score]])
14:23:39.487 INFO - Done: [get text: 13 [[FirefoxDriver: firefox on MAC (0153fcee-9ddb-ca4c-953b-287c897eb1f2)] -> css selector: div.leaderboard div:nth-child(5) .score]]
14:23:39.490 INFO - Executing: [find element: By.selector: div.leaderboard div:nth-child(6) .name])
14:23:39.497 INFO - Done: [find element: By.selector: div.leaderboard div:nth-child(6) .name]
14:23:39.500 INFO - Executing: [get text: 14 [[FirefoxDriver: firefox on MAC (0153fcee-9ddb-ca4c-953b-287c897eb1f2)] -> css selector: div.leaderboard div:nth-child(6) .name]])
14:23:39.509 INFO - Done: [get text: 14 [[FirefoxDriver: firefox on MAC (0153fcee-9ddb-ca4c-953b-287c897eb1f2)] -> css selector: div.leaderboard div:nth-child(6) .name]]
14:23:39.513 INFO - Executing: [find element: By.selector: div.leaderboard div:nth-child(6) .score])
14:23:39.522 INFO - Done: [find element: By.selector: div.leaderboard div:nth-child(6) .score]
14:23:39.525 INFO - Executing: [get text: 15 [[FirefoxDriver: firefox on MAC (0153fcee-9ddb-ca4c-953b-287c897eb1f2)] -> css selector: div.leaderboard div:nth-child(6) .score]])
14:23:39.534 INFO - Done: [get text: 15 [[FirefoxDriver: firefox on MAC (0153fcee-9ddb-ca4c-953b-287c897eb1f2)] -> css selector: div.leaderboard div:nth-child(6) .score]]
14:23:39.538 INFO - Executing: [find element: By.selector: .none])
14:23:39.546 INFO - Done: [find element: By.selector: .none]
14:23:39.550 INFO - Executing: [get text: 16 [[FirefoxDriver: firefox on MAC (0153fcee-9ddb-ca4c-953b-287c897eb1f2)] -> css selector: .none]])
14:23:39.560 INFO - Done: [get text: 16 [[FirefoxDriver: firefox on MAC (0153fcee-9ddb-ca4c-953b-287c897eb1f2)] -> css selector: .none]]
14:23:39.563 INFO - Executing: [find element: By.selector: div.leaderboard div:nth-child(2)])
14:23:39.570 INFO - Done: [find element: By.selector: div.leaderboard div:nth-child(2)]
14:23:39.573 INFO - Executing: [click: 17 [[FirefoxDriver: firefox on MAC (0153fcee-9ddb-ca4c-953b-287c897eb1f2)] -> css selector: div.leaderboard div:nth-child(2)]])
14:23:39.637 INFO - Done: [click: 17 [[FirefoxDriver: firefox on MAC (0153fcee-9ddb-ca4c-953b-287c897eb1f2)] -> css selector: div.leaderboard div:nth-child(2)]]
14:23:40.142 INFO - Executing: [find element: By.selector: input.inc])
14:23:40.150 INFO - Done: [find element: By.selector: input.inc]
14:23:40.152 INFO - Executing: [is displayed: 18 [[FirefoxDriver: firefox on MAC (0153fcee-9ddb-ca4c-953b-287c897eb1f2)] -> css selector: input.inc]])
14:23:40.160 INFO - Done: [is displayed: 18 [[FirefoxDriver: firefox on MAC (0153fcee-9ddb-ca4c-953b-287c897eb1f2)] -> css selector: input.inc]]
14:23:40.164 INFO - Executing: [find element: By.selector: input.inc])
14:23:40.170 INFO - Done: [find element: By.selector: input.inc]
14:23:40.173 INFO - Executing: [get element attribute: 18 [[FirefoxDriver: firefox on MAC (0153fcee-9ddb-ca4c-953b-287c897eb1f2)] -> css selector: input.inc], value])
14:23:40.180 INFO - Done: [get element attribute: 18 [[FirefoxDriver: firefox on MAC (0153fcee-9ddb-ca4c-953b-287c897eb1f2)] -> css selector: input.inc], value]
14:23:40.183 INFO - Executing: [delete session: 2baa1c19-01c2-4e02-a1aa-128490d3afb8])
14:23:40.262 INFO - Done: [delete session: 2baa1c19-01c2-4e02-a1aa-128490d3afb8]
